<?xml version="1.0" encoding="UTF-8"?>
<!-- Generated by org.testng.reporters.JUnitReportReporter -->
<testsuite hostname="NICK" failures="0" tests="2" name="TestCases1.LogPgTest" time="10.412" errors="0" timestamp="2023-01-10T12:55:25 IST" skipped="0">
  <testcase classname="TestCases1.LogPgTest" name="verifyloginToApp_1" time="5.711"/>
  <testcase classname="TestCases1.LogPgTest" name="verifyTitleTest" time="4.701"/>
</testsuite> <!-- TestCases1.LogPgTest -->
