<?xml version="1.0" encoding="UTF-8"?>
<!-- Generated by org.testng.reporters.JUnitReportReporter -->
<testsuite hostname="NICK" failures="0" tests="5" name="TestCases1.ParallelTest" time="84.340" errors="1" timestamp="2023-01-10T17:21:21 IST" skipped="0">
  <testcase classname="TestCases1.ParallelTest" name="Test1" time="21.398"/>
  <testcase classname="TestCases1.ParallelTest" name="Test2" time="17.257"/>
  <testcase classname="TestCases1.ParallelTest" name="Test3" time="17.098"/>
  <testcase classname="TestCases1.ParallelTest" name="Test4" time="20.146"/>
  <testcase classname="TestCases1.ParallelTest" name="TestForAnyTestMethod" time="8.441">
    <error type="java.lang.NullPointerException">
      <![CDATA[java.lang.NullPointerException
at org.openqa.selenium.support.pagefactory.DefaultElementLocator.findElement(DefaultElementLocator.java:70)
at org.openqa.selenium.support.pagefactory.internal.LocatingElementHandler.invoke(LocatingElementHandler.java:39)
at com.sun.proxy.$Proxy9.sendKeys(Unknown Source)
at Pages.LoginPage.verifyLoginBtnEnabled(LoginPage.java:95)
at TestCases1.ParallelTest.TestForAnyTestMethod(ParallelTest.java:56)
at java.base/jdk.internal.reflect.NativeMethodAccessorImpl.invoke0(Native Method)
at java.base/jdk.internal.reflect.NativeMethodAccessorImpl.invoke(NativeMethodAccessorImpl.java:62)
at java.base/jdk.internal.reflect.DelegatingMethodAccessorImpl.invoke(DelegatingMethodAccessorImpl.java:43)
at java.base/java.lang.reflect.Method.invoke(Method.java:566)
at org.testng.internal.MethodInvocationHelper.invokeMethod(MethodInvocationHelper.java:133)
at org.testng.internal.TestInvoker.invokeMethod(TestInvoker.java:584)
at org.testng.internal.TestInvoker.invokeTestMethod(TestInvoker.java:172)
at org.testng.internal.MethodRunner.runInSequence(MethodRunner.java:46)
at org.testng.internal.TestInvoker$MethodInvocationAgent.invoke(TestInvoker.java:804)
at org.testng.internal.TestInvoker.invokeTestMethods(TestInvoker.java:145)
at org.testng.internal.TestMethodWorker.invokeTestMethods(TestMethodWorker.java:146)
at org.testng.internal.TestMethodWorker.run(TestMethodWorker.java:128)
at java.base/java.util.concurrent.ThreadPoolExecutor.runWorker(ThreadPoolExecutor.java:1128)
at java.base/java.util.concurrent.ThreadPoolExecutor$Worker.run(ThreadPoolExecutor.java:628)
at java.base/java.lang.Thread.run(Thread.java:834)
]]>
    </error>
  </testcase> <!-- TestForAnyTestMethod -->
</testsuite> <!-- TestCases1.ParallelTest -->
