<?xml version="1.0" encoding="UTF-8"?>
<!-- Generated by org.testng.reporters.JUnitReportReporter -->
<testsuite hostname="NICK" failures="0" tests="5" name="TestCases.ChOutPage2Test" time="18.089" errors="0" timestamp="2023-01-01T18:30:11 IST" skipped="4">
  <testcase classname="TestCases.ChOutPage2Test" name="verifySummaryTest" time="18.089"/>
  <testcase classname="TestCases.ChOutPage2Test" name="verifyDescriptionTest">
    <skipped/>
  </testcase> <!-- verifyDescriptionTest -->
  <testcase classname="TestCases.ChOutPage2Test" name="VerifyFinishBtn">
    <skipped/>
  </testcase> <!-- VerifyFinishBtn -->
  <testcase classname="TestCases.ChOutPage2Test" name="VerifyCnclBtnTest">
    <skipped/>
  </testcase> <!-- VerifyCnclBtnTest -->
  <testcase classname="TestCases.ChOutPage2Test" name="verifyCheckOverviewLableTest">
    <skipped/>
  </testcase> <!-- verifyCheckOverviewLableTest -->
</testsuite> <!-- TestCases.ChOutPage2Test -->
