<?xml version="1.0" encoding="UTF-8"?>
<!-- Generated by org.testng.reporters.JUnitReportReporter -->
<testsuite hostname="NICK" failures="0" tests="7" name="TestCases.CartPageTest" time="26.812" errors="0" timestamp="2023-01-02T20:43:04 IST" skipped="5">
  <testcase classname="TestCases.CartPageTest" name="verifyContinuShopingBtnTest" time="10.446"/>
  <testcase classname="TestCases.CartPageTest" name="verifyCheckOutBtnTest" time="16.366"/>
  <testcase classname="TestCases.CartPageTest" name="VerifyCartLableTest">
    <skipped/>
  </testcase> <!-- VerifyCartLableTest -->
  <testcase classname="TestCases.CartPageTest" name="VerifyProdCountingTest">
    <skipped/>
  </testcase> <!-- VerifyProdCountingTest -->
  <testcase classname="TestCases.CartPageTest" name="verifyUrlTest">
    <skipped/>
  </testcase> <!-- verifyUrlTest -->
  <testcase classname="TestCases.CartPageTest" name="verifyReactBurgerMenuBtnTest">
    <skipped/>
  </testcase> <!-- verifyReactBurgerMenuBtnTest -->
  <testcase classname="TestCases.CartPageTest" name="VerifyRemovebikeLightBtn1Test">
    <skipped/>
  </testcase> <!-- VerifyRemovebikeLightBtn1Test -->
</testsuite> <!-- TestCases.CartPageTest -->
