<?xml version="1.0" encoding="UTF-8"?>
<!-- Generated by org.testng.reporters.JUnitReportReporter -->
<testsuite hostname="NICK" failures="0" tests="2" name="TestCases1.Parallel2" time="35.814" errors="0" timestamp="2023-01-10T16:33:29 IST" skipped="0">
  <testcase classname="TestCases1.Parallel2" name="Test5" time="26.609"/>
  <testcase classname="TestCases1.Parallel2" name="Test6" time="9.205"/>
</testsuite> <!-- TestCases1.Parallel2 -->
