<?xml version="1.0" encoding="UTF-8"?>
<!-- Generated by org.testng.reporters.JUnitReportReporter -->
<testsuite hostname="NICK" failures="0" tests="4" name="TestCases.ChOutCompletePageTest" time="13.791" errors="0" timestamp="2023-01-06T12:45:57 IST" skipped="3">
  <testcase classname="TestCases.ChOutCompletePageTest" name="verifybackBtnTest" time="13.791"/>
  <testcase classname="TestCases.ChOutCompletePageTest" name="verifyBmLableTest">
    <skipped/>
  </testcase> <!-- verifyBmLableTest -->
  <testcase classname="TestCases.ChOutCompletePageTest" name="verifythnkuTextTest">
    <skipped/>
  </testcase> <!-- verifythnkuTextTest -->
  <testcase classname="TestCases.ChOutCompletePageTest" name="verifycheckoutLogoTest">
    <skipped/>
  </testcase> <!-- verifycheckoutLogoTest -->
</testsuite> <!-- TestCases.ChOutCompletePageTest -->
