<?xml version="1.0" encoding="UTF-8"?>
<!-- Generated by org.testng.reporters.JUnitReportReporter -->
<testsuite hostname="NICK" failures="0" tests="10" name="TestCases.LoginPageTest" time="20.627" errors="0" timestamp="2023-01-03T16:22:50 IST" skipped="7">
  <testcase classname="TestCases.LoginPageTest" name="verifyloginToApp_1" time="4.595"/>
  <testcase classname="TestCases.LoginPageTest" name="verifyLableToInventoryPageTest" time="10.756"/>
  <testcase classname="TestCases.LoginPageTest" name="verifyUrl_1Test" time="5.276"/>
  <testcase classname="TestCases.LoginPageTest" name="verifyBotLogoTest">
    <skipped/>
  </testcase> <!-- verifyBotLogoTest -->
  <testcase classname="TestCases.LoginPageTest" name="verifyInputTextboxFocusedTest">
    <skipped/>
  </testcase> <!-- verifyInputTextboxFocusedTest -->
  <testcase classname="TestCases.LoginPageTest" name="verifyLoginLogoTest">
    <skipped/>
  </testcase> <!-- verifyLoginLogoTest -->
  <testcase classname="TestCases.LoginPageTest" name="verifyInputTextboxclearTest">
    <skipped/>
  </testcase> <!-- verifyInputTextboxclearTest -->
  <testcase classname="TestCases.LoginPageTest" name="verifyLoginBtnEnabledTest">
    <skipped/>
  </testcase> <!-- verifyLoginBtnEnabledTest -->
  <testcase classname="TestCases.LoginPageTest" name="verifyTitleTest">
    <skipped/>
  </testcase> <!-- verifyTitleTest -->
  <testcase classname="TestCases.LoginPageTest" name="verifyLoginToApp_2Test">
    <skipped/>
  </testcase> <!-- verifyLoginToApp_2Test -->
</testsuite> <!-- TestCases.LoginPageTest -->
