<?xml version="1.0" encoding="UTF-8"?>
<!-- Generated by org.testng.reporters.JUnitReportReporter -->
<testsuite hostname="NICK" failures="0" tests="1" name="TestCases1.SoftAssertionTest" time="10.030" errors="0" timestamp="2023-01-08T17:01:59 IST" skipped="0">
  <testcase classname="TestCases1.SoftAssertionTest" name="verifyPeekLogoTest" time="10.030"/>
</testsuite> <!-- TestCases1.SoftAssertionTest -->
