<?xml version="1.0" encoding="UTF-8"?>
<!-- Generated by org.testng.reporters.JUnitReportReporter -->
<testsuite hostname="NICK" failures="0" tests="7" name="TestCases.InventoryPageTest" time="197.721" errors="0" timestamp="2023-01-09T17:53:51 IST" skipped="3">
  <testcase classname="TestCases.InventoryPageTest" name="verifyPeekLogoTest" time="114.174"/>
  <testcase classname="TestCases.InventoryPageTest" name="VerifyAddProductTest" time="61.188"/>
  <testcase classname="TestCases.InventoryPageTest" name="verifyProductLableTest" time="6.317"/>
  <testcase classname="TestCases.InventoryPageTest" name="VerifyProductCountTest" time="16.042"/>
  <testcase classname="TestCases.InventoryPageTest" name="VerifyRemoveProductTest">
    <skipped/>
  </testcase> <!-- VerifyRemoveProductTest -->
  <testcase classname="TestCases.InventoryPageTest" name="verifySwagLabsLogoTest">
    <skipped/>
  </testcase> <!-- verifySwagLabsLogoTest -->
  <testcase classname="TestCases.InventoryPageTest" name="verifySwagBotImgTest">
    <skipped/>
  </testcase> <!-- verifySwagBotImgTest -->
</testsuite> <!-- TestCases.InventoryPageTest -->
