<?xml version="1.0" encoding="UTF-8"?>
<!-- Generated by org.testng.reporters.JUnitReportReporter -->
<testsuite hostname="NICK" failures="0" tests="1" name="TestCases1.GroupTest" time="6.141" errors="0" timestamp="2023-01-06T18:37:38 IST" skipped="0">
  <testcase classname="TestCases1.GroupTest" name="Test1" time="6.141"/>
</testsuite> <!-- TestCases1.GroupTest -->
