<?xml version="1.0" encoding="UTF-8"?>
<!-- Generated by org.testng.reporters.JUnitReportReporter -->
<testsuite hostname="NICK" failures="0" tests="1" name="TestCases1.PriorityTest" time="3.998" errors="0" timestamp="2023-01-06T18:05:57 IST" skipped="0">
  <testcase classname="TestCases1.PriorityTest" name="verifyTitleTest" time="3.998"/>
</testsuite> <!-- TestCases1.PriorityTest -->
