<?xml version="1.0" encoding="UTF-8"?>
<!-- Generated by org.testng.reporters.JUnitReportReporter -->
<testsuite hostname="NICK" failures="0" tests="4" name="TestCases.CheckOutPage1Test" time="27.753" errors="0" timestamp="2023-01-06T12:49:45 IST" skipped="2">
  <testcase classname="TestCases.CheckOutPage1Test" name="VerifyCancelBtnTest" time="10.209"/>
  <testcase classname="TestCases.CheckOutPage1Test" name="verifyTextboxToAddText" time="17.544"/>
  <testcase classname="TestCases.CheckOutPage1Test" name="verifyEnterTextboxTest">
    <skipped/>
  </testcase> <!-- verifyEnterTextboxTest -->
  <testcase classname="TestCases.CheckOutPage1Test" name="VerifyCheckoutTitleLableTest">
    <skipped/>
  </testcase> <!-- VerifyCheckoutTitleLableTest -->
</testsuite> <!-- TestCases.CheckOutPage1Test -->
